28-04-2022 00:30:19.419 [,] [main] ERROR o.s.boot.SpringApplication.? - Application run failed
java.lang.IllegalStateException: java.lang.IllegalStateException: Logback configuration error detected: 
ERROR in ch.qos.logback.core.joran.action.NestedComplexPropertyIA - Could not create component [encoder] of type [net.logstash.logback.encoder.LogstashEncoder] java.lang.ClassNotFoundException: net.logstash.logback.encoder.LogstashEncoder
	at org.springframework.boot.context.logging.LoggingApplicationListener.initializeSystem(LoggingApplicationListener.java:328)
	at org.springframework.boot.context.logging.LoggingApplicationListener.initialize(LoggingApplicationListener.java:282)
	at org.springframework.boot.context.logging.LoggingApplicationListener.onApplicationEnvironmentPreparedEvent(LoggingApplicationListener.java:240)
	at org.springframework.boot.context.logging.LoggingApplicationListener.onApplicationEvent(LoggingApplicationListener.java:216)
	at org.springframework.context.event.SimpleApplicationEventMulticaster.doInvokeListener(SimpleApplicationEventMulticaster.java:176)
	at org.springframework.context.event.SimpleApplicationEventMulticaster.invokeListener(SimpleApplicationEventMulticaster.java:169)
	at org.springframework.context.event.SimpleApplicationEventMulticaster.multicastEvent(SimpleApplicationEventMulticaster.java:143)
	at org.springframework.context.event.SimpleApplicationEventMulticaster.multicastEvent(SimpleApplicationEventMulticaster.java:131)
	at org.springframework.boot.context.event.EventPublishingRunListener.environmentPrepared(EventPublishingRunListener.java:85)
	at org.springframework.boot.SpringApplicationRunListeners.lambda$environmentPrepared$2(SpringApplicationRunListeners.java:66)
	at java.base/java.util.ArrayList.forEach(ArrayList.java:1541)
	at org.springframework.boot.SpringApplicationRunListeners.doWithListeners(SpringApplicationRunListeners.java:120)
	at org.springframework.boot.SpringApplicationRunListeners.doWithListeners(SpringApplicationRunListeners.java:114)
	at org.springframework.boot.SpringApplicationRunListeners.environmentPrepared(SpringApplicationRunListeners.java:65)
	at org.springframework.boot.SpringApplication.prepareEnvironment(SpringApplication.java:339)
	at org.springframework.boot.SpringApplication.run(SpringApplication.java:297)
	at org.springframework.boot.SpringApplication.run(SpringApplication.java:1312)
	at org.springframework.boot.SpringApplication.run(SpringApplication.java:1301)
	at com.drone.droneTechnology.DroneTechnologyApplication.main(DroneTechnologyApplication.java:10)
Caused by: java.lang.IllegalStateException: Logback configuration error detected: 
ERROR in ch.qos.logback.core.joran.action.NestedComplexPropertyIA - Could not create component [encoder] of type [net.logstash.logback.encoder.LogstashEncoder] java.lang.ClassNotFoundException: net.logstash.logback.encoder.LogstashEncoder
	at org.springframework.boot.logging.logback.LogbackLoggingSystem.loadConfiguration(LogbackLoggingSystem.java:179)
	at org.springframework.boot.logging.AbstractLoggingSystem.initializeWithConventions(AbstractLoggingSystem.java:80)
	at org.springframework.boot.logging.AbstractLoggingSystem.initialize(AbstractLoggingSystem.java:60)
	at org.springframework.boot.logging.logback.LogbackLoggingSystem.initialize(LogbackLoggingSystem.java:132)
	at org.springframework.boot.context.logging.LoggingApplicationListener.initializeSystem(LoggingApplicationListener.java:313)
	... 18 common frames omitted
28-04-2022 00:30:57.160 [,] [main] INFO  c.d.d.DroneTechnologyApplication.? - Starting DroneTechnologyApplication using Java 11.0.10 on abdelmagied with PID 9864 (C:\Users\a3h22\Desktop\droneTechnology\target\classes started by a3h22 in C:\Users\a3h22\Desktop\droneTechnology)
28-04-2022 00:30:57.163 [,] [main] INFO  c.d.d.DroneTechnologyApplication.? - No active profile set, falling back to 1 default profile: "default"
28-04-2022 00:30:57.173 [,] [background-preinit] INFO  o.h.validator.internal.util.Version.? - HV000001: Hibernate Validator 6.2.3.Final
28-04-2022 00:31:00.056 [,] [main] INFO  o.s.d.r.c.RepositoryConfigurationDelegate.? - Bootstrapping Spring Data JPA repositories in DEFAULT mode.
28-04-2022 00:31:00.226 [,] [main] INFO  o.s.d.r.c.RepositoryConfigurationDelegate.? - Finished Spring Data repository scanning in 142 ms. Found 1 JPA repository interfaces.
28-04-2022 00:31:02.602 [,] [main] INFO  o.s.b.w.e.tomcat.TomcatWebServer.? - Tomcat initialized with port(s): 8085 (http)
28-04-2022 00:31:02.624 [,] [main] INFO  o.a.coyote.http11.Http11NioProtocol.? - Initializing ProtocolHandler ["http-nio-8085"]
28-04-2022 00:31:02.625 [,] [main] INFO  o.a.catalina.core.StandardService.? - Starting service [Tomcat]
28-04-2022 00:31:02.625 [,] [main] INFO  o.a.catalina.core.StandardEngine.? - Starting Servlet engine: [Apache Tomcat/9.0.62]
28-04-2022 00:31:02.984 [,] [main] INFO  o.a.c.c.C.[Tomcat].[localhost].[/].? - Initializing Spring embedded WebApplicationContext
28-04-2022 00:31:02.988 [,] [main] INFO  o.s.b.w.s.c.ServletWebServerApplicationContext.? - Root WebApplicationContext: initialization completed in 5635 ms
28-04-2022 00:31:03.097 [,] [main] INFO  com.zaxxer.hikari.HikariDataSource.? - HikariPool-1 - Starting...
28-04-2022 00:31:03.519 [,] [main] INFO  com.zaxxer.hikari.HikariDataSource.? - HikariPool-1 - Start completed.
28-04-2022 00:31:03.550 [,] [main] INFO  o.s.b.a.h.H2ConsoleAutoConfiguration.? - H2 console available at '/h2-console'. Database available at 'jdbc:h2:mem:drone'
28-04-2022 00:31:03.931 [,] [main] INFO  o.h.jpa.internal.util.LogHelper.? - HHH000204: Processing PersistenceUnitInfo [name: default]
28-04-2022 00:31:04.195 [,] [main] INFO  org.hibernate.Version.? - HHH000412: Hibernate ORM core version 5.6.8.Final
28-04-2022 00:31:04.737 [,] [main] INFO  o.h.annotations.common.Version.? - HCANN000001: Hibernate Commons Annotations {5.1.2.Final}
28-04-2022 00:31:05.086 [,] [main] INFO  org.hibernate.dialect.Dialect.? - HHH000400: Using dialect: org.hibernate.dialect.H2Dialect
28-04-2022 00:31:07.302 [,] [main] INFO  o.h.e.t.j.p.i.JtaPlatformInitiator.? - HHH000490: Using JtaPlatform implementation: [org.hibernate.engine.transaction.jta.platform.internal.NoJtaPlatform]
28-04-2022 00:31:07.323 [,] [main] INFO  o.s.o.j.LocalContainerEntityManagerFactoryBean.? - Initialized JPA EntityManagerFactory for persistence unit 'default'
28-04-2022 00:31:08.276 [,] [main] WARN  o.s.b.a.o.j.JpaBaseConfiguration$JpaWebConfiguration.? - spring.jpa.open-in-view is enabled by default. Therefore, database queries may be performed during view rendering. Explicitly configure spring.jpa.open-in-view to disable this warning
28-04-2022 00:31:09.106 [,] [main] INFO  o.a.coyote.http11.Http11NioProtocol.? - Starting ProtocolHandler ["http-nio-8085"]
28-04-2022 00:31:09.149 [,] [main] INFO  o.s.b.w.e.tomcat.TomcatWebServer.? - Tomcat started on port(s): 8085 (http) with context path ''
28-04-2022 00:31:09.171 [,] [main] INFO  c.d.d.DroneTechnologyApplication.? - Started DroneTechnologyApplication in 13.581 seconds (JVM running for 15.014)
28-04-2022 00:31:23.470 [,] [http-nio-8085-exec-2] INFO  o.a.c.c.C.[Tomcat].[localhost].[/].? - Initializing Spring DispatcherServlet 'dispatcherServlet'
28-04-2022 00:31:23.470 [,] [http-nio-8085-exec-2] INFO  o.s.web.servlet.DispatcherServlet.? - Initializing Servlet 'dispatcherServlet'
28-04-2022 00:31:23.472 [,] [http-nio-8085-exec-2] INFO  o.s.web.servlet.DispatcherServlet.? - Completed initialization in 2 ms
28-04-2022 00:31:23.939 [,] [http-nio-8085-exec-2] INFO  c.d.d.controller.DroneAppController.? - hello world
